input file: ./Fatigue/input_sigma.dat
input load spectrum:
       point       sigma
           0        0.00
           1       71.00
           2       22.00
           3      123.00
           4       64.00
           5      206.00
           6      145.00
           7      206.00
           8      145.00
           9      206.00
          10       84.00
          11        0.00
          12      176.00
          13      -80.00
          14        0.00
          15      -80.00
          16        0.00
          17      -80.00
          18      227.00
          19     -137.00
          20       78.00
          21      -39.00
          22      150.00
          23        0.00
          24     -120.00
          25        0.00

Rainflow algorithm (count cycles)
      cycles       range        mean
        0.50       24.50       46.50
        1.00       29.50       93.50
        1.00       30.50      175.50
        0.50       30.50      175.50
        0.50       30.50      175.50
        0.50       30.50      175.50
        1.00       42.00       42.00
        0.50       88.00       88.00
        1.00       40.00      -40.00
        0.50       40.00      -40.00
        0.50       40.00      -40.00
        0.50       40.00      -40.00
        0.50      153.50       73.50
        1.00       58.50       19.50
        1.00       60.00      -60.00
        1.00       40.50      -79.50
        0.50       60.00      -60.00
