Frequency  Magnitude  Phase
      0.0000 1.89814e-07       90.00
      0.1592 5.82037e-07      -30.86
      0.3185 1.29526e-06       97.64
      0.4777 2.48909e-06     -116.83
      0.6369 2.84309e-06       36.76
      0.7962 1.02476e-06     -159.89
      0.9554 1.55345e-06     -110.29
      1.1146 2.88817e-06       97.52
      1.2739 2.55416e-06      -87.76
      1.4331 1.57076e-06       16.37
      1.5923 2.28984e-06      131.67
      1.7516 2.61641e-06      -63.91
      1.9108 1.60609e-06      153.61
      2.0700 1.40344e-06       44.87
      2.2293 6.49826e-07     -132.55
      2.3885 1.01907e-06       33.61
      2.5477 2.06232e-06     -108.39
      2.7070 1.61807e-06       80.46
      2.8662 5.22362e-07      136.69
      3.0254  8.5517e-07      -28.57
      3.1847 1.85333e-06     -151.49
      3.3439 1.57356e-06       35.31
      3.5031 8.27514e-07      -94.00
      3.6624 8.85113e-07       86.27
      3.8216 1.44131e-06     -166.02
      3.9808 2.38951e-06        6.38
      4.1401 1.35009e-06     -155.59
      4.2993 7.20194e-07      112.62
      4.4585 7.15967e-07      -58.80
      4.6178 9.19469e-07     -161.69
      4.7770 2.26421e-06       23.74
      4.9362 2.25474e-06     -136.85
      5.0955  2.0432e-06       94.81
      5.2547 1.67029e-06       -9.80
      5.4139 2.72025e-06     -149.29
      5.5732 1.66802e-06       14.16
      5.7324 1.27293e-06       50.36
      5.8916 2.72281e-06     -159.03
      6.0509 9.02896e-07      -17.09
      6.2101  1.1685e-06       67.06
      6.3693 8.28705e-07      -25.70
      6.5286 5.35434e-07      173.76
      6.6878 3.79596e-07     -126.80
      6.8470  1.2205e-06     -170.25
      7.0063 1.88003e-06        3.01
      7.1655 1.10619e-06      156.90
      7.3247 3.02017e-07     -117.26
      7.4840 1.18129e-06      -19.40
      7.6432 1.26275e-06       52.90
      7.8024 2.54155e-06     -160.81
      7.9617 5.35952e-07       69.43
      8.1209 1.86728e-06        8.57
      8.2801 6.97546e-07     -125.54
      8.4394 1.01848e-06     -175.81
      8.5986 3.27848e-07     -100.55
      8.7578 9.74952e-07        1.91
      8.9171 6.70839e-07      109.99
      9.0763 1.23951e-06      163.14
      9.2355  1.5961e-06      -62.76
      9.3948 1.20882e-06       37.62
      9.5540 1.45436e-06      115.36
      9.7132 1.78465e-06     -123.27
      9.8725  1.4159e-06      -20.52
     10.0317 1.30223e-06       93.87
     10.1909 1.41821e-06     -142.05
     10.3502 4.87466e-07      -41.30
     10.5094 1.13173e-06       80.65
     10.6686 1.24268e-06       -5.25
     10.8279 1.65649e-06     -179.08
     10.9871 1.02317e-06      -27.02
     11.1463  1.1664e-06     -138.00
     11.3056 1.07576e-06       16.13
     11.4648 1.46444e-06      101.77
     11.6240 6.78999e-07     -119.54
     11.7833 1.46099e-06      -86.86
     11.9425 2.27394e-06       99.84
     12.1017 1.05371e-06      -49.53
     12.2610 8.89034e-07     -150.00
     12.4202 7.30533e-07       -9.73
     12.5794 5.49349e-07       64.58
     12.7387  5.6394e-07      139.51
     12.8979 1.05333e-06     -128.77
     13.0571 1.22996e-06       -5.69
     13.2164 2.70558e-07      162.00
     13.3756 1.23351e-06     -163.01
     13.5348 2.31122e-06       53.14
     13.6940 2.69012e-06     -119.43
     13.8533 2.40094e-06       58.74
     14.0125 9.90466e-07     -103.95
     14.1717 2.08172e-07      -74.54
     14.3310 4.00128e-07      101.46
     14.4902 1.25938e-06     -162.61
     14.6494  2.1556e-06        1.70
     14.8087 2.03126e-06      148.11
     14.9679 1.87597e-07      178.59
     15.1271 2.23112e-06      -75.96
     15.2864 1.35592e-06       20.41
     15.4456 2.60228e-06      107.52
     15.6048 3.26984e-06     -113.06
     15.7641 1.41199e-06       35.39
     15.9233 9.76636e-07       96.26
     16.0825 4.93669e-07     -112.31
     16.2418 2.21474e-07      -18.44
     16.4010 8.36896e-07       62.55
     16.5602 1.74672e-06     -148.32
     16.7195 1.65109e-06      -14.25
     16.8787 1.49797e-06      120.94
     17.0379 1.96917e-06      -83.76
     17.1972  1.9412e-06      108.51
     17.3564 9.35189e-07      -37.01
     17.5156 1.17096e-06      161.84
     17.6749  2.3277e-06      -30.13
     17.8341 1.04939e-06       96.88
     17.9933 1.10719e-06     -179.27
     18.1526 7.37545e-07      -91.11
     18.3118 1.16011e-06       98.43
     18.4710 1.27874e-06      -79.74
     18.6303  4.1577e-07       77.35
     18.7895 4.31951e-07     -178.90
     18.9487 1.34428e-06       26.05
     19.1080 1.11374e-06     -147.43
     19.2672 5.93568e-07     -167.48
     19.4264  1.4126e-06        9.61
     19.5857 4.83046e-07       82.06
     19.7449  2.2326e-06     -171.73
     19.9041 1.39588e-06        1.28
     20.0634  3.0037e-07     -106.15
     20.2226 1.20161e-06       -2.73
     20.3818 2.11735e-06      141.02
     20.5411 2.89151e-06      -58.63
     20.7003  1.2059e-06      135.53
     20.8595 1.16712e-06       92.11
     21.0188 1.03255e-06      -99.78
     21.1780 4.09282e-07      106.51
     21.3372 4.48112e-07      -40.77
     21.4965 1.89616e-07      159.62
     21.6557 1.31229e-06       77.29
     21.8149 2.51982e-06     -104.84
     21.9742 1.75083e-06       63.63
     22.1334 3.30877e-07      -73.54
     22.2926 1.15435e-06      159.47
     22.4519 5.43861e-07      -58.86
     22.6111 1.17049e-06        7.75
     22.7703 1.69993e-06     -161.60
     22.9296 3.83628e-07       20.60
     23.0888 2.10362e-06       52.49
     23.2480 1.66339e-06     -121.00
     23.4073  4.8681e-07      -75.39
     23.5665 6.48375e-07       85.43
     23.7257 3.93176e-07     -157.04
     23.8850 9.87483e-07       -3.88
     24.0442 8.68246e-07     -137.99
     24.2034 1.65142e-06      115.67
     24.3627 1.79937e-06      -68.11
     24.5219 1.36687e-06      132.65
     24.6811 2.00286e-06        8.78
     24.8404 1.82295e-06     -160.40
     24.9996 4.78719e-07        8.24
     25.1588  6.6575e-07      126.10
     25.3181 1.16193e-06      -35.06
     25.4773 4.21276e-07      145.42
     25.6365 1.10037e-06      134.47
     25.7958 2.35862e-06      -44.84
     25.9550 1.68807e-06      154.06
     26.1142 7.18573e-07      -66.96
     26.2735 1.10292e-06       98.56
     26.4327 1.05418e-06      -60.54
     26.5919 1.04321e-06       44.13
     26.7512 7.60038e-07     -136.25
     26.9104 1.79247e-06      170.12
     27.0696 1.96161e-06       -0.71
     27.2289 4.27745e-07       87.16
     27.3881 2.42695e-06     -167.46
     27.5473 2.64894e-06       -5.33
     27.7066 1.73314e-06      107.76
     27.8658 1.41942e-06     -109.74
     28.0250  1.8775e-06     -109.97
     28.1843 2.64008e-06       75.54
     28.3435 7.37382e-07      -25.24
     28.5027 4.30643e-07     -119.28
     28.6620 4.33115e-07      155.96
     28.8212 1.35553e-06     -148.83
     28.9804 1.92938e-06        0.43
     29.1397 7.65084e-07      167.12
     29.2989 9.02814e-07      150.75
     29.4581 1.58354e-06       -2.87
     29.6174 1.86153e-06     -179.72
     29.7766 3.09638e-06      -32.72
     29.9358 4.34725e-06      132.41
     30.0951   3.277e-06      -47.75
     30.2543 9.58261e-07      119.73
     30.4135 1.58328e-06     -177.07
     30.5728 2.24021e-06        1.17
     30.7320 1.16572e-06      174.82
     30.8912 1.61436e-06     -118.15
     31.0505 1.92131e-06       64.03
     31.2097 1.13649e-06       -2.20
     31.3689 1.86655e-06     -160.35
     31.5282  7.2312e-07       86.00
     31.6874 1.29441e-06      -54.59
     31.8466 2.52534e-07       -1.12
     32.0059 1.25118e-06      176.32
     32.1651 1.29985e-06       37.59
     32.3243 9.81698e-07     -117.87
     32.4836 1.01513e-06      107.93
     32.6428 1.54208e-06      -18.81
     32.8020 1.48081e-06     -164.11
     32.9613 4.61771e-07       41.54
     33.1205 2.60241e-07       17.43
     33.2797  7.3748e-07      157.25
     33.4390 5.32326e-07      -44.77
     33.5982 2.47133e-07      -43.16
     33.7574 6.25361e-07       54.14
     33.9167 8.28086e-07      151.03
     34.0759 2.05641e-06      -84.71
     34.2351  1.1736e-06       59.09
     34.3944  1.3171e-06      124.44
     34.5536 1.43984e-06      -94.71
     34.7128  1.3867e-06       72.62
     34.8721 9.55733e-07      -65.91
     35.0313 6.62816e-07     -118.17
     35.1905 1.76277e-06       90.57
     35.3498 2.25685e-06     -104.55
     35.5090  1.3494e-06      111.22
     35.6682 1.86967e-06       -6.25
     35.8275 2.28006e-06     -167.97
     35.9867 2.10267e-06       34.15
     36.1459 2.24887e-06     -133.61
     36.3052 2.47942e-06       11.99
     36.4644 2.24065e-06      162.54
     36.6236 1.14117e-06       89.67
     36.7829 2.44844e-06      -46.88
     36.9421 1.81637e-06     -169.29
     37.1013  2.2631e-06       58.01
     37.2606  2.5974e-06     -105.32
     37.4198 1.32309e-06       65.39
     37.5790 6.99938e-07      162.70
     37.7383 1.27638e-06       73.38
     37.8975  2.8785e-06      -83.40
     38.0567 1.47964e-06      118.68
     38.2160 3.16768e-07     -160.46
     38.3752 1.32799e-06       28.51
     38.5344 1.08098e-06     -127.78
     38.6937 5.86333e-07       57.15
     38.8529 1.30948e-06      172.97
     39.0121 1.50796e-06      -45.43
     39.1714 1.11286e-06      105.22
     39.3306 1.45922e-06      -16.58
     39.4898 2.04181e-06      161.01
     39.6491 1.66184e-06      -68.35
     39.8083 2.04791e-06       95.81
     39.9675 1.75016e-06      -58.92
     40.1267 1.80208e-06      164.52
     40.2860 1.93288e-06        9.49
     40.4452 1.11663e-06     -121.16
     40.6044 4.65734e-07     -102.97
     40.7637  1.4396e-06      134.03
     40.9229 1.53575e-06       32.77
     41.0821 2.37656e-06     -122.45
     41.2414 2.33413e-06       49.35
     41.4006 1.55374e-06     -126.98
     41.5598  4.6919e-07       86.04
     41.7191  6.6523e-07      105.72
     41.8783 1.79899e-06      -68.67
     42.0375 1.50894e-06      141.18
     42.1968 1.19268e-06      -12.59
     42.3560 9.90675e-07      107.35
     42.5152 1.10864e-06      -93.44
     42.6745 5.70017e-07       83.27
     42.8337 3.65727e-07      -85.68
     42.9929 4.88702e-07     -161.87
     43.1522 1.19496e-06      138.81
     43.3114 1.75496e-06      -60.32
     43.4706 1.68854e-06       36.87
     43.6299 1.72534e-06      160.56
     43.7891 1.48693e-06      -75.11
     43.9483 1.11108e-06       98.50
     44.1076 1.19291e-06      -57.24
     44.2668  2.0304e-06     -169.78
     44.4260 3.03842e-06       36.32
     44.5853 9.03609e-07     -106.98
     44.7445 1.28892e-06      139.05
     44.9037 2.80423e-06     -118.32
     45.0630 3.89081e-06       56.28
     45.2222 3.74776e-06     -102.32
     45.3814 2.05516e-06       67.50
     45.5407   1.846e-06      144.87
     45.6999 1.35647e-06      -76.99
     45.8591 1.82429e-06      -28.32
     46.0184  3.2431e-06      150.70
     46.1776 2.80326e-06      -15.70
     46.3368 2.40069e-06      142.48
     46.4961 2.85091e-06      -76.83
     46.6553 7.56497e-07      165.76
     46.8145 2.77692e-06       45.93
     46.9738 1.42996e-06     -137.59
     47.1330 9.47635e-07     -161.96
     47.2922 1.41413e-06       29.45
     47.4515 1.20295e-06     -163.99
     47.6107 1.02405e-06      -59.45
     47.7699 2.21612e-06       97.82
     47.9292 2.80335e-06      -97.18
     48.0884 1.88324e-06       70.11
     48.2476  9.5215e-07      -65.80
     48.4069 6.17293e-07     -169.17
     48.5661 2.06054e-06     -176.57
     48.7253  3.2441e-06        8.63
     48.8846 2.10451e-06     -178.71
     49.0438  1.6046e-06      -38.99
     49.2030 2.13293e-06      112.52
     49.3623 1.90356e-06      -43.52
     49.5215 2.02105e-06     -162.14
     49.6807 8.07644e-07       50.34
     49.8400 9.45675e-07     -117.29
     49.9992 1.25581e-06       86.88
     50.1584 1.00125e-06      -14.88
     50.3177 1.23162e-06      -88.16
     50.4769 2.42792e-06      156.88
     50.6361 1.06889e-06      -18.38
     50.7954 5.25143e-07        8.28
     50.9546 7.14046e-07      -33.51
     51.1138 1.92198e-06      174.18
     51.2731 1.59746e-06       -2.33
     51.4323 1.31458e-06     -174.75
     51.5915 8.96087e-07      -15.95
     51.7508 8.41016e-07      154.56
     51.9100 3.29896e-07     -139.88
     52.0692 7.48954e-07      -68.42
     52.2285 9.76281e-07      -32.49
     52.3877 1.95818e-06      128.11
     52.5469  3.3372e-07      150.60
     52.7062 1.23465e-06      -71.82
     52.8654 4.89906e-07     -135.19
     53.0246 4.69522e-07       41.73
     53.1839 5.96053e-07       38.81
     53.3431 1.75001e-06     -132.58
     53.5023  6.1259e-07      149.22
     53.6616 1.03094e-06        3.58
     53.8208  1.3957e-06      160.27
     53.9800 2.04728e-06      -14.55
     54.1393 1.96011e-06     -157.53
     54.2985  2.3029e-06       81.40
     54.4577 3.59684e-06      -91.49
     54.6170 1.50958e-06      104.24
     54.7762 6.22607e-07     -112.71
     54.9354 1.95259e-06      108.14
     55.0947 2.70835e-06      -76.95
     55.2539 1.49385e-06      113.30
     55.4131 1.38337e-06      -74.78
     55.5724   5.993e-07       30.45
     55.7316 1.62863e-06      177.84
     55.8908 2.68105e-07      107.23
     56.0501 1.41371e-06      -41.51
     56.2093 1.95991e-06     -163.85
     56.3685 1.49389e-06        0.20
     56.5278 1.37905e-06     -174.27
     56.6870 8.35278e-07      139.55
     56.8462 7.99069e-07      -27.56
     57.0055 2.07875e-07     -177.50
     57.1647 2.47327e-06     -108.54
     57.3239 2.15548e-06       82.76
     57.4832  1.8216e-06      -95.26
     57.6424 1.25953e-06      150.22
     57.8016 4.56102e-07      -89.90
     57.9609  6.8545e-07      115.81
     58.1201 2.30733e-06      -81.39
     58.2793 1.54403e-06      152.91
     58.4386 1.64317e-06      -31.34
     58.5978 2.53229e-06      176.48
     58.7570 5.44353e-07     -147.27
     58.9163 1.10777e-06      -92.33
     59.0755 9.05179e-07       36.60
     59.2347  2.9312e-06     -142.73
     59.3940 7.22198e-07       65.33
     59.5532 1.38055e-06      -48.30
     59.7124 2.07139e-06     -152.82
     59.8717 7.88023e-07      113.96
     60.0309 3.05613e-06     -129.33
     60.1901 8.73204e-07       22.87
     60.3494 1.48797e-06     -162.06
     60.5086 1.28886e-06     -115.31
     60.6678  1.7986e-06     -116.01
     60.8271 4.57943e-07       81.66
     60.9863 4.20317e-06     -158.67
     61.1455 1.31159e-06      -18.34
     61.3048 2.01641e-06     -110.73
     61.4640 1.36422e-06     -151.10
     61.6232 2.97462e-06     -145.67
     61.7825 1.69935e-06      -81.40
     61.9417 3.12063e-06      165.46
     62.1009 3.37512e-06     -103.28
     62.2602  3.2613e-06     -150.86
     62.4194 1.90705e-06     -133.81
     62.5786 3.59944e-06     -116.70
     62.7379 3.18323e-06     -159.68
     62.8971 2.12703e-06     -117.42
     63.0563 5.21729e-06     -141.09
     63.2156 3.26573e-06     -145.45
     63.3748 7.00794e-06     -124.62
     63.5340 2.90582e-06     -147.58
     63.6933 5.10559e-06     -142.79
     63.8525 7.30414e-06     -131.26
     64.0117 8.34638e-06     -132.23
     64.1710 7.40974e-06     -140.44
     64.3302 9.68455e-06     -139.48
     64.4894 7.96451e-06     -138.86
     64.6487 1.31306e-05     -129.86
     64.8079 1.54246e-05     -138.18
     64.9671 1.43672e-05     -136.55
     65.1264 2.01031e-05     -134.11
     65.2856 2.18661e-05     -138.48
     65.4448 2.71685e-05     -135.44
     65.6041  3.0925e-05     -135.27
     65.7633  4.0891e-05     -137.14
     65.9225 4.92578e-05     -135.79
     66.0818 6.29906e-05     -134.99
     66.2410 8.04704e-05     -137.06
     66.4002 0.000107736     -135.49
     66.5594 0.000146395     -136.13
     66.7187 0.000206069     -136.47
     66.8779 0.000306354     -135.90
     67.0371 0.000480425     -135.97
     67.1964 0.000818519     -136.18
     67.3556  0.00157384     -136.00
     67.5148  0.00366546     -136.05
     67.6741   0.0124249     -136.06
     67.8333    0.158081     -136.06
     67.9925    0.479241       43.94
     68.1518    0.345085     -136.06
     68.3110   0.0321783       43.94
     68.4702  0.00639532       43.96
     68.6295  0.00234983       43.89
     68.7887  0.00112524       43.99
     68.9479 0.000621838       43.95
     69.1072 0.000382606       43.73
     69.2664 0.000250944       44.60
     69.4256 0.000173815       43.11
     69.5849 0.000124721       43.96
     69.7441  9.3362e-05       45.05
     69.9033 7.10142e-05       42.66
     70.0626 5.67371e-05       44.51
     70.2218  4.3946e-05       43.21
     70.3810 3.55135e-05       43.45
     70.5403  2.9553e-05       46.99
     70.6995 2.55105e-05       41.52
     70.8587 1.96488e-05       46.54
     71.0180 1.73353e-05       40.86
     71.1772 1.59787e-05       47.25
     71.3364 1.15048e-05       36.99
     71.4957 1.25579e-05       47.82
     71.6549  8.6726e-06       40.97
     71.8141 1.02502e-05       47.98
     71.9734 5.83248e-06       45.01
     72.1326 7.62067e-06       40.37
     72.2918 5.15029e-06       36.42
     72.4511 6.13205e-06       54.99
     72.6103  4.8798e-06       36.18
     72.7695 4.48485e-06       43.07
     72.9288 3.91031e-06       42.88
     73.0880 3.32597e-06       64.80
     73.2472 3.80498e-06       33.58
     73.4065 3.58627e-06       25.88
     73.5657 1.79197e-06       76.90
     73.7249 3.62615e-06       44.36
     73.8842 1.93205e-06       54.80
     74.0434 1.58148e-06       27.21
     74.2026 3.19765e-06       59.11
     74.3619 2.50171e-06      -21.48
     74.5211 2.48613e-06       95.95
     74.6803 2.47888e-06       27.44
     74.8396 1.89847e-06       31.11
     74.9988 7.08838e-07       76.98
     75.1580 1.10413e-06       94.37
     75.3173 2.52825e-06       31.19
     75.4765 5.16671e-07       -4.66
     75.6357 1.18206e-06       85.98
     75.7950 2.02835e-06       28.82
     75.9542 6.23796e-07     -178.97
     76.1134 2.23907e-06        3.18
     76.2727  1.1148e-06      110.45
     76.4319 2.35143e-06       49.22
     76.5911 1.73983e-06     -132.29
     76.7504 1.91891e-06       62.19
     76.9096 1.28991e-06        1.22
     77.0688 5.23974e-07       89.64
     77.2281 1.31827e-06       22.64
     77.3873 2.64884e-07      170.05
     77.5465 9.94676e-07       85.81
     77.7058 1.35695e-06      -32.81
     77.8650 2.00834e-06      159.58
     78.0242 3.77094e-06       16.79
     78.1835 3.63604e-07       22.35
     78.3427 2.03159e-06      177.42
     78.5019 1.03226e-06      -37.72
     78.6612 1.72651e-06       45.65
     78.8204 2.07568e-07       71.08
     78.9796 1.21077e-06      129.18
     79.1389 1.72116e-06      -68.34
     79.2981 1.85595e-06       54.41
     79.4573 1.67608e-06     -143.91
     79.6166 2.30993e-06       56.68
     79.7758 7.87756e-07      -54.73
     79.9350 6.57898e-07       25.57
     80.0943 1.18704e-06     -175.53
     80.2535 1.23697e-06       57.71
     80.4127 1.05548e-06      -64.53
     80.5720 1.52964e-07      165.89
     80.7312 1.04853e-06      106.81
     80.8904  1.9862e-06      -25.66
     81.0497 1.33221e-06      100.91
     81.2089 9.29274e-07     -177.52
     81.3681 8.90766e-07       47.57
     81.5274 1.86065e-06      -66.16
     81.6866  1.6804e-06      130.05
     81.8458  2.0482e-06       37.23
     82.0051 1.68791e-06     -115.94
     82.1643 8.01952e-07       91.71
     82.3235 9.16835e-07      -89.84
     82.4828 9.22724e-07       56.06
     82.6420 9.79446e-07      134.72
     82.8012 1.60824e-06      -41.42
     82.9605 1.41129e-06       65.19
     83.1197 8.91053e-07      169.37
     83.2789 7.51287e-07     -107.70
     83.4382 1.08008e-06       26.44
     83.5974 3.23751e-07     -171.42
     83.7566 1.54249e-06     -101.29
     83.9159 2.71991e-06       92.64
     84.0751 1.37216e-06      -58.60
     84.2343 4.71425e-07      161.59
     84.3936 1.31443e-06       14.21
     84.5528 9.23228e-07     -143.25
     84.7120 7.51658e-07       73.83
     84.8713 2.08894e-07     -114.19
     85.0305 1.15038e-06      117.88
     85.1897 1.48026e-06      -49.91
     85.3490 5.20908e-07      -54.07
     85.5082 9.73633e-07       59.45
     85.6674 1.12436e-06      171.79
     85.8267 2.50982e-07       35.17
     85.9859 4.56632e-07       52.08
     86.1451 8.56925e-07      -85.13
     86.3044 2.10175e-07     -113.94
     86.4636 1.04608e-06      125.88
     86.6228 1.38513e-06       19.96
     86.7821 1.44634e-06     -138.57
     86.9413 1.41499e-06       46.07
     87.1005 6.72522e-07      -90.74
     87.2598 6.18646e-07      179.07
     87.4190 1.32185e-06       16.58
     87.5782 9.92217e-07      150.01
     87.7375 1.10089e-06      -96.19
     87.8967 1.13252e-06       30.57
     88.0559 5.60108e-07      136.97
     88.2152 1.54537e-06     -130.77
     88.3744 1.56483e-06       35.65
     88.5336 1.04309e-06      107.79
     88.6929 1.03623e-06      -87.75
     88.8521 2.22949e-07      -79.37
     89.0113 4.01426e-07       79.01
     89.1706 2.63541e-07      157.58
     89.3298  4.3333e-07      -42.97
     89.4890 6.01282e-07      103.35
     89.6483 2.26684e-07     -114.45
     89.8075 1.32449e-06      -49.97
     89.9667 1.81528e-06      102.89
     90.1260 1.24104e-06     -114.27
     90.2852  1.2817e-06       42.45
     90.4444 4.14164e-07     -133.84
     90.6037 1.00607e-06     -125.95
     90.7629 1.40214e-06       81.92
     90.9221 7.43727e-07      -16.28
     91.0814 1.17049e-06     -148.66
     91.2406 1.15829e-06       -6.12
     91.3998 1.27135e-06      169.70
     91.5591 1.38743e-06      -10.00
     91.7183 1.35837e-06      106.40
     91.8775 1.34362e-06     -110.35
     92.0368 1.22697e-06       10.31
     92.1960 1.71651e-06      157.88
     92.3552 2.50376e-06      -27.27
     92.5145 3.10196e-06      151.16
     92.6737 2.45524e-06      -13.20
     92.8329  1.1928e-06      178.98
     92.9921 3.26023e-07     -107.83
     93.1514 1.36798e-06       37.63
     93.3106 1.74947e-06     -122.48
     93.4698 1.06083e-06      133.76
     93.6291 2.66139e-06        6.96
     93.7883  2.3104e-06      176.00
     93.9475 1.09276e-06      -10.13
     94.1068 1.13498e-06     -140.44
     94.2660 7.87371e-07      107.91
     94.4252 2.24021e-06       33.45
     94.5845 3.18246e-06     -104.30
     94.7437 2.43995e-06      105.79
     94.9029 1.01859e-06      -73.15
     95.0622 1.04562e-06       48.88
     95.2214 1.18658e-06     -145.17
     95.3806 5.78801e-07      176.61
     95.5399 2.20805e-06       18.24
     95.6991 1.18894e-06     -152.35
     95.8583 5.27147e-07       -0.20
     96.0176 7.58369e-07       83.96
     96.1768 1.27819e-06     -148.38
     96.3360 1.12265e-06       38.03
     96.4953 9.70746e-07      -93.40
     96.6545 1.61207e-06      177.63
     96.8137 3.26274e-06       18.32
     96.9730 2.31274e-06     -153.40
     97.1322 1.13968e-06       32.24
     97.2914 1.22699e-06     -173.06
     97.4507 1.76737e-06      -22.66
     97.6099 1.70653e-06      111.70
     97.7691 1.59103e-06      -91.99
     97.9284 1.31187e-06      115.25
     98.0876 2.59797e-06      -81.70
     98.2468 4.15356e-06       92.96
     98.4061  2.7004e-06      -82.48
     98.5653 1.58211e-06       99.12
     98.7245 2.27023e-06      -57.48
     98.8838 1.68134e-06      139.75
     99.0430 2.88696e-07      -97.70
     99.2022 1.22009e-06       14.23
     99.3615 9.43736e-07     -126.03
     99.5207 1.12853e-06       86.20
     99.6799 6.15171e-07      154.37
     99.8392 1.98092e-06      -91.72
     99.9984 2.19872e-06       64.82
    100.1576 1.56895e-06     -168.77
    100.3169 1.06433e-06      -26.91
    100.4761 1.15742e-06       44.08
    100.6353 3.09586e-06      -98.13
    100.7946 3.71152e-06       90.76
    100.9538 2.29954e-06     -104.92
    101.1130 1.79167e-06       76.85
    101.2723 1.34242e-06      -60.84
    101.4315 1.22904e-06      155.86
    101.5907 1.08945e-06        1.77
    101.7500 1.05128e-06     -158.09
    101.9092 3.63164e-07       -9.79
    102.0684 4.61922e-07        8.08
    102.2277 7.94242e-07     -179.92
    102.3869 2.90464e-07      141.24
    102.5461 1.56233e-06      -11.51
    102.7054  1.6113e-06      118.28
    102.8646 1.87522e-06      -74.95
    103.0238 1.10474e-06      153.29
    103.1831 1.61704e-06       10.44
    103.3423   1.845e-06     -175.75
    103.5015 8.36148e-07      -24.86
    103.6608 9.01786e-07       84.45
    103.8200 2.82412e-07      -22.24
    103.9792 1.53449e-06     -129.56
    104.1385 2.10306e-06       45.96
    104.2977 1.36887e-06     -129.95
    104.4569 8.98261e-07       71.27
    104.6162  6.0546e-07      -64.40
    104.7754  1.0089e-06     -103.28
    104.9346 1.70777e-06       99.91
    105.0939 1.11436e-06      -92.26
    105.2531 1.45226e-06       26.52
    105.4123 1.90204e-06     -164.40
    105.5716 1.39361e-06       30.29
    105.7308 1.08361e-06     -107.85
    105.8900 1.36387e-06      133.99
    106.0493 1.37578e-06      -17.23
    106.2085 1.36797e-07        4.15
    106.3677 8.29137e-07      131.87
    106.5270 1.20518e-06      -86.19
    106.6862 1.43495e-07       19.65
    106.8454 3.97827e-07      138.67
    107.0047 1.82719e-07      132.44
    107.1639 1.14635e-06       30.45
    107.3231  1.1615e-06     -140.81
    107.4824 3.09394e-07      -12.90
    107.6416 1.53487e-06      108.30
    107.8008 2.29451e-06      -41.84
    107.9601  1.7651e-06      173.39
    108.1193 7.01449e-07       -6.05
    108.2785 1.66103e-07     -108.12
    108.4378 1.11562e-06      107.50
    108.5970 1.14072e-06      -15.26
    108.7562 1.91066e-06     -169.12
    108.9155 2.49192e-06      -25.75
    109.0747 2.44089e-06      132.05
    109.2339 2.20511e-06      -54.96
    109.3932 2.42081e-06      119.57
    109.5524 2.33033e-06      -93.73
    109.7116  2.5568e-06       56.68
    109.8709 1.61558e-06     -119.95
    110.0301 7.60516e-07       41.09
    110.1893 4.38084e-07       65.05
    110.3486 2.86812e-06     -158.08
    110.5078 3.87121e-06       26.54
    110.6670 2.75936e-06     -124.02
    110.8263 1.76452e-06       79.55
    110.9855  7.8128e-07      -47.83
    111.1447 1.01454e-06     -142.21
    111.3040    1.66e-06       75.71
    111.4632 1.53704e-06     -103.72
    111.6224 5.42121e-07       21.14
    111.7817 1.00991e-06     -126.78
    111.9409 2.10529e-06       65.48
    112.1001  1.3848e-06      -85.86
    112.2594 1.07721e-06       88.73
    112.4186  1.8797e-06     -172.03
    112.5778 1.79425e-06      -15.49
    112.7371 6.14004e-07     -147.70
    112.8963 7.08233e-07       16.06
    113.0555 1.56603e-06      160.31
    113.2148 1.12789e-06      -14.79
    113.3740 7.72072e-07      -52.00
    113.5332 9.01158e-07       94.11
    113.6925 1.37382e-06     -143.17
    113.8517 1.06896e-06       61.64
    114.0109 1.45819e-06      -56.50
    114.1702 9.49961e-07       98.15
    114.3294 9.85961e-07     -165.29
    114.4886  1.5486e-06      -26.05
    114.6479 2.29725e-06      136.49
    114.8071 2.00433e-06      -66.13
    114.9663 1.42633e-06       52.31
    115.1256 1.61529e-06     -114.75
    115.2848 1.52641e-06      104.04
    115.4440 1.25984e-06      -93.91
    115.6033 2.02646e-06       54.48
    115.7625 9.00868e-07     -110.85
    115.9217 1.37082e-06      155.84
    116.0810 2.07938e-06      -56.81
    116.2402 2.22844e-06       70.57
    116.3994 1.56873e-06     -126.15
    116.5587 7.63943e-07       77.37
    116.7179 2.97693e-06     -102.75
    116.8771 3.96835e-06       63.93
    117.0364 2.78014e-06     -124.34
    117.1956 2.36938e-06       77.42
    117.3548 1.91946e-06     -108.42
    117.5141 1.72687e-06       -1.90
    117.6733 1.68163e-06      162.78
    117.8325  1.3137e-06       -4.55
    117.9918 6.00118e-07     -144.35
    118.1510 1.32991e-06       89.20
    118.3102  3.1414e-06      -94.24
    118.4695 2.81862e-06       80.47
    118.6287 8.62827e-07      -58.57
    118.7879 1.89647e-06     -171.51
    118.9472 2.23385e-06       -8.87
    119.1064 1.72116e-06      152.49
    119.2656 2.37928e-06      -27.58
    119.4248 2.04361e-06     -178.49
    119.5841 2.98215e-06       44.08
    119.7433 2.89177e-06     -136.91
    119.9025 7.10718e-07       18.92
    120.0618 9.00026e-07       67.00
    120.2210 1.24228e-06      -73.67
    120.3802 1.02007e-06      116.00
    120.5395 1.95471e-06      -88.39
    120.6987   1.799e-06       94.66
    120.8579 8.39973e-07       33.33
    121.0172 2.97796e-06      -74.53
    121.1764 2.81305e-06      120.20
    121.3356 1.08534e-06     -100.26
    121.4949 1.28719e-06       35.90
    121.6541 4.87972e-07      -87.60
    121.8133 1.15693e-06     -108.37
    121.9726 1.73572e-06       95.33
    122.1318 1.94048e-06      -54.08
    122.2910 1.46255e-06      123.84
    122.4503 9.63198e-07      -64.06
    122.6095 5.85635e-07       39.05
    122.7687 2.00325e-06      -98.30
    122.9280 1.85002e-06       96.92
    123.0872 4.48848e-07      -48.57
    123.2464 3.61517e-07     -140.06
    123.4057 6.21525e-07        8.91
    123.5649   5.178e-07        0.89
    123.7241 1.46526e-06     -107.02
    123.8834 1.67287e-06       86.33
    124.0426 1.47575e-06      -80.80
    124.2018 1.02078e-06       57.74
    124.3611 1.56673e-06     -118.51
    124.5203 1.67896e-06       97.51
    124.6795 2.72192e-06      -43.51
    124.8388 1.45547e-06      151.78
    124.9980 5.80016e-07       90.51
    125.1572 1.15667e-06      -87.81
    125.3165 9.97835e-07        1.19
    125.4757 6.82869e-07      -35.25
    125.6349 9.19638e-07     -164.59
    125.7942 9.09961e-07       99.84
    125.9534 1.54851e-06      -34.82
    126.1126 8.08747e-07     -109.37
    126.2719 8.77562e-07       75.81
    126.4311 1.90191e-06      -98.77
    126.5903 1.92405e-06       43.43
    126.7496 1.28327e-06      169.85
    126.9088 2.37417e-06      -74.45
    127.0680 2.77493e-06       58.47
    127.2273 9.76741e-07     -126.77
    127.3865 2.86879e-06      -98.42
    127.5457 1.24185e-06       34.87
    127.7050 1.41816e-06       76.33
    127.8642 1.75831e-06      -71.77
    128.0234 1.55427e-06      160.99
    128.1827 2.16234e-06       -6.21
    128.3419 1.45079e-06     -114.94
    128.5011 1.03214e-06        8.69
    128.6604  1.5588e-06     -122.72
    128.8196 2.39498e-06       32.74
    128.9788 6.06492e-07     -167.99
    129.1381 2.73736e-06      -85.28
    129.2973 2.10067e-06       26.60
    129.4565 1.82154e-06     -161.68
    129.6158 2.69861e-06      -17.76
    129.7750 5.99563e-07     -140.07
    129.9342 6.59996e-07      -37.31
    130.0935  1.5011e-06      -66.79
    130.2527 1.15522e-06       40.74
    130.4119 2.79212e-06      -76.92
    130.5712 1.13682e-06       13.64
    130.7304 5.18162e-07      -99.15
    130.8896 1.38883e-06      -62.31
    131.0489 2.49708e-06      -31.76
    131.2081 5.85107e-07     -162.61
    131.3673 3.00232e-06      -17.72
    131.5266 2.81621e-06      -91.03
    131.6858 5.25284e-07       -6.99
    131.8450 2.93305e-06      -13.11
    132.0043  3.5107e-06     -105.42
    132.1635 2.89855e-06        2.66
    132.3227 3.34615e-06      -41.24
    132.4820 2.73796e-06      -71.40
    132.6412 2.71523e-06      -56.18
    132.8004 3.25385e-06      -15.26
    132.9597 2.63128e-06      -69.71
    133.1189  5.0949e-06      -54.74
    133.2781 4.34224e-06      -43.11
    133.4374 2.93241e-06      -34.00
    133.5966 6.44588e-06      -47.94
    133.7558 5.49781e-06      -46.02
    133.9151 7.00736e-06      -53.88
    134.0743 5.27387e-06      -36.02
    134.2335  9.0144e-06      -56.96
    134.3928 1.05345e-05      -36.60
    134.5520 9.58146e-06      -52.20
    134.7112 1.29161e-05      -53.57
    134.8705 1.32285e-05      -40.30
    135.0297 1.61513e-05      -53.07
    135.1889 1.87796e-05      -39.94
    135.3482 2.42696e-05      -52.18
    135.5074 2.77151e-05      -45.81
    135.6666  3.3402e-05      -46.06
    135.8259 4.21612e-05      -48.96
    135.9851 5.13037e-05      -45.77
    136.1443 6.66803e-05      -49.13
    136.3036 8.77363e-05      -46.64
    136.4628 0.000117649      -47.29
    136.6220 0.000160782      -47.57
    136.7813 0.000236283      -47.33
    136.9405 0.000354805      -47.13
    137.0997 0.000579864      -47.67
    137.2590  0.00104384      -47.22
    137.4182  0.00217741      -47.41
    137.5774  0.00587936      -47.36
    137.7367   0.0289918      -47.37
    137.8959     0.33824      132.63
    138.0551    0.482171      -47.37
    138.2144    0.164506      132.63
    138.3736    0.012036      132.64
    138.5328  0.00351376      132.61
    138.6921  0.00150175      132.64
    138.8513 0.000778338      132.60
    139.0105 0.000456719      132.78
    139.1698 0.000289721      132.48
    139.3290  0.00019519      132.57
    139.4882 0.000139424      132.64
    139.6475 0.000100972      133.06
    139.8067 7.61467e-05      132.31
    139.9659 5.92043e-05      131.38
    140.1252 4.81279e-05      134.88
    140.2844  3.6235e-05      131.87
    140.4436  3.1683e-05      132.15
    140.6029 2.33705e-05      132.93
    140.7621  2.2528e-05      131.92
    140.9213 1.74307e-05      133.87
    141.0806 1.53487e-05      133.29
    141.2398 1.37572e-05      130.84
    141.3990 1.03248e-05      133.47
    141.5583 1.01866e-05      131.32
    141.7175 8.88918e-06      135.56
    141.8767  7.5348e-06      127.84
    142.0360 5.95642e-06      141.15
    142.1952 6.69938e-06      125.24
    142.3544 5.02721e-06      138.97
    142.5137 5.51656e-06      127.11
    142.6729 2.45581e-06      127.32
    142.8321 6.73697e-06      137.74
    142.9914 1.78217e-06      142.05
    143.1506 3.78629e-06      111.21
    143.3098 4.47919e-06      153.35
    143.4691 1.12612e-06       93.58
    143.6283  2.7957e-06      139.27
    143.7875 2.60122e-06      120.30
    143.9468 1.63658e-06      145.09
    144.1060 3.06938e-06      131.63
    144.2652 1.14076e-06      124.70
    144.4245 2.16744e-06      140.31
    144.5837  1.4868e-06       98.75
    144.7429 1.67029e-06      165.08
    144.9022 1.24708e-06      145.22
    145.0614 5.42173e-07       44.63
    145.2206 2.84891e-06      120.65
    145.3799 1.30874e-06     -172.64
    145.5391 2.10916e-06      101.31
    145.6983 8.97513e-07     -129.81
    145.8576 1.65898e-06      123.52
    146.0168 7.17217e-07      119.25
    146.1760 9.61516e-07     -143.60
    146.3352  2.0084e-06       53.53
    146.4945 2.59368e-06      170.94
    146.6537 9.80371e-07      -19.76
    146.8129 1.89412e-06      129.05
    146.9722 7.44611e-07     -151.48
    147.1314 1.74034e-06      109.92
    147.2906 5.39738e-07      -24.63
    147.4499 8.48996e-07      131.18
    147.6091 1.00478e-06      163.55
    147.7683 1.04594e-06      -32.60
    147.9276 1.31459e-06      115.31
    148.0868 7.08655e-07      119.49
    148.2460 1.52163e-06     -157.35
    148.4053 1.85879e-06       43.87
    148.5645 1.45581e-06     -158.95
    148.7237 8.54677e-07      108.11
    148.8830 1.17854e-06        4.86
    149.0422 2.37711e-06     -174.97
    149.2014 1.16271e-06       38.61
    149.3607 6.87248e-07       34.83
    149.5199 1.42505e-06      178.58
    149.6791 1.11605e-06       42.49
    149.8384 1.24668e-06     -113.65
    149.9976 8.17926e-07      152.64
    150.1568 1.35197e-06       94.54
    150.3161 9.53338e-07     -106.90
    150.4753 1.93778e-06        3.64
    150.6345 3.10922e-06      168.66
    150.7938 2.47938e-06       25.29
    150.9530 3.06556e-06     -145.90
    151.1122 3.11488e-06       44.06
    151.2715 2.51945e-06     -139.41
    151.4307 6.08846e-07       96.11
    151.5899 1.32367e-06       57.27
    151.7492 1.46548e-06      -68.10
    151.9084 1.69186e-06      112.90
    152.0676 1.23699e-06     -150.12
    152.2269 1.43801e-06       53.56
    152.3861 1.45228e-06     -114.39
    152.5453 3.31344e-07       79.85
    152.7046 7.64671e-07       57.91
    152.8638 5.95106e-07       54.35
    153.0230 9.56889e-07     -107.67
    153.1823 2.11416e-06      162.76
    153.3415 1.84312e-06       -8.87
    153.5007   2.984e-07     -178.97
    153.6600 2.06444e-06      138.16
    153.8192 2.58919e-06      -46.75
    153.9784 1.15603e-06       78.04
    154.1377 2.34596e-06      177.04
    154.2969 1.82941e-06       -1.61
    154.4561 1.09707e-06      112.29
    154.6154  5.6069e-07      -53.29
    154.7746 9.13782e-07     -139.36
    154.9338 9.89608e-07     -155.41
    155.0931   1.575e-06       83.83
    155.2523 1.15142e-06      -30.92
    155.4115 1.17721e-07       70.26
    155.5708 8.65625e-07      172.34
    155.7300 9.05986e-07      -18.30
    155.8892 1.59472e-06      136.30
    156.0485 2.06389e-06      -75.75
    156.2077 1.91958e-06       91.77
    156.3669 6.79947e-07      -16.30
    156.5262 1.21929e-06      176.45
    156.6854 1.15391e-06      -53.58
    156.8446  1.2581e-06       90.34
    157.0039 1.39164e-06     -155.34
    157.1631 1.48235e-06       31.76
    157.3223 1.10931e-06      -62.48
    157.4816 1.84518e-06      158.78
    157.6408 1.58414e-06       -8.38
    157.8000 1.14004e-06      176.38
    157.9593 3.66033e-07       43.69
    158.1185 9.19653e-07      148.26
    158.2777 1.22993e-06      -17.00
    158.4370 4.55118e-07      -86.80
    158.5962 4.90014e-07     -137.32
    158.7554 1.40939e-06       59.55
    158.9147 1.89856e-06      176.24
    159.0739  7.6368e-07      -65.56
    159.2331 2.19627e-06        8.77
    159.3924 1.94311e-06      175.34
    159.5516 1.15528e-06      -52.68
    159.7108 1.89204e-06      109.67
    159.8701 2.79068e-07        9.15
    160.0293 2.34839e-06      -97.72
    160.1885 1.90142e-06       73.08
    160.3478 1.28588e-06      170.70
    160.5070 2.55569e-06      -23.92
    160.6662 1.40647e-06      165.41
    160.8255 1.18592e-06       70.49
    160.9847 1.48095e-06     -163.19
    161.1439 2.57916e-06       -1.28
    161.3032  2.6046e-06     -165.82
    161.4624 1.59937e-06       18.27
    161.6216  1.1479e-06     -131.05
    161.7809 1.82049e-06       72.18
    161.9401 6.04239e-07      126.37
    162.0993 2.82373e-06      -95.33
    162.2586 2.60953e-06       70.79
    162.4178 1.83493e-06     -150.53
    162.5770 1.38852e-06      -24.01
    162.7363 2.35642e-06       96.60
    162.8955 1.45297e-06      -93.12
