1
 
 
 
 
                                                             
                Unpublished work Copyright 2021 Siemens      
                         All Rights Reserved.                
                                                             
               This software and related documentation are   
                    proprietary to Siemens Industry          
                             Software Inc.                   
                                                             
              Siemens and the Siemens logo are registered    
           trademarks of Siemens AG. Simcenter is a trademark
              or registered trademark of Siemens Product     
               Lifecycle Management Software Inc. or its     
             subsidiaries in the United States and in other  
             countries.  NASTRAN is a registered trademark   
                 of the National Aeronautics and Space       
                 Administration.  All other trademarks,      
              registered trademarks or service marks belong  
                      to their respective holders.           
                                                             
           LIMITATIONS TO U.S. GOVERNMENT RIGHTS. UNPUBLISHED
           - RIGHTS RESERVED UNDER THE COPYRIGHT LAWS OF THE 
            UNITED STATES. This computer software and related
               computer software documentation have been     
            developed exclusively at private expense and are 
           provided subject to the following rights:  If this
               computer software and computer  software      
            documentation qualify as "commercial items" (as  
             that term is defined in FAR 2.101), their use,  
            duplication or disclosure by the U.S. Government 
           is subject to the protections and restrictions as 
            set forth in the Siemens commercial license for  
            software and/or documentation, as prescribed in  
           FAR 12.212 and FAR 27.405(b)(2)(i) (for civilian  
             agencies) and in DFARS 227.7202-1(a) and DFARS  
           227.7202-3(a) (for the Department of Defense), or 
           any successor or similar regulation, as applicable
           or as amended from time to time.  If this computer
           software and computer documentation do not qualify
            as "commercial items", then they are "restricted 
           computer software" and are provided with "restric-
            tive rights", and their use, duplication or dis- 
            closure by the U.S. Government is subject to the 
            protections and restrictions as set forth in FAR 
           27.404(b) and FAR 52-227-14 (for civilian agencies
           ), and DFARS 227.7203-5(c) and DFARS 252.227-7014 
           (for the Department of Defense), or any successor 
           or similar regulation, as applicable or as amended
           from time to time. Siemens Industry Software Inc. 
           5800 Granite Parkway, Suite 600, Plano, TX 75024  
 

                * * * * * * * * * * * * * * * * * * * *
                * * * * * * * * * * * * * * * * * * * *
                * *                                 * *
                * *                                 * *
                * *                                 * *
                * *                                 * *
                * *     Simcenter Nastran 2021.2    * *
                * *                                 * *
                * *       VERSION - 1992.0037       * *
                * *                                 * *
                * *          SEP  1, 2021           * *
                * *                                 * *
                * *                                 * *
                * *Intel64 Family 6 Model 154 Stepp * *
                * *                                 * *
                * *MODEL 12th Gen Intel(R) Core(TM) * *
                * *                                 * *
                * *           Windows 10            * *
                * *                                 * *
                * *       Compiled for X86-64       * *
                * *                                 * *
                * * * * * * * * * * * * * * * * * * * *
                * * * * * * * * * * * * * * * * * * * *
1                                                                           JANUARY   3, 2025  SIMCENTER NASTRAN  9/ 1/21   PAGE     1
                                                                                                                                    
0        N A S T R A N    F I L E    A N D    S Y S T E M    P A R A M E T E R    E C H O                                           
0                                                                                                                                   
                                                                                                                                    
                                                                                                                                    
     NASTRAN BUFFSIZE=32769 $(C:/PLMAPPS/NX2000/NXNASTRAN/CONF/NASTRAN.RCF[1])       
     NASTRAN BUFFPOOL=11674                                                          
     NASTRAN DIAGA=128 DIAGB=0 $(C:/PLMAPPS/NX2000/NXNASTRAN/CONF/NASTRAN.RCF[8])    
     NASTRAN REAL=4250271744 $(MEMORY LIMIT FOR MPI AND OTHER SPECIALIZED MODULES)   
     ASSIGN OUTPUT4='./save/fort11.test',UNIT=11                                     
1                                                                           JANUARY   3, 2025  SIMCENTER NASTRAN  9/ 1/21   PAGE     2
                                                                                                                                    
0        N A S T R A N    E X E C U T I V E    C O N T R O L    E C H O                                                             
0                                                                                                                                   
                                                                                                                                    
                                                                                                                                    
     ID TEST CASE                                                                            
     SOL 111                                                                                 
     TIME 30                                                                                 
     DIAG 8,13                                                                               
     $INCLUDE ./save/sol111z.v69                                                             
     COMPILE SEDRCVR, NOLIST, NOREF $                                                        
     $$ALTER 'PJ1,QG,UG' $                                                                   
     ALTER 'SDR2' $                                                                          
     TYPE PARM,,I,N,NFREQ $                                                                  
     TYPE PARM,,I,N,NSUB $                                                                   
     TYPE PARM,,I,N,NR31 $                                                                   
     TYPE PARM,,I,N,NF $                                                                     
     TYPE PARM,,I,N,ZERO $                                                                   
     PARAML PJ1//'TRAILER'/1/S,N,NF3 $                                                       
     PARAML PJ1//'TRAILER'/2/S,N,NR3 $                                                       
     MATMOD PJ1,,,,,/PJ1C,/10 $                                                              
     ADD5 PJ1,PJ1C,,/PJ1RR/(0.5,0.0)/(0.5,0.0) $                                             
     MODTRL PJ1RR/////1 $                                                                    
     ADD PJ1RR,/PJ1RR $                                                                      
     NR31 = NR3-1 $                                                                          
     NF = NF3/3 $                                                                            
     MATGEN ,/PJ11/6/NR3/NR31/NR3 $                                                          
     PARTN PJ1R,,PJ11/,PJJ1,,/1 $                                                            
     TRNSP PJJ1/PJJ1T $                                                                      
     ZERO=-NF $                                                                              
     FILE PSDT=APPEND $                                                                      
     DO WHILE (ZERO<2*NF)                                                                    
        ZERO = ZERO + NF $                                                                   
        MATGEN ,/PJCOL/6/NF3/ZERO/NF/NF3 $                                                   
        PARTN PJJ1T,,PJCOL/,PJJ1C,,/1 $                                                      
        APPEND PJJ1C,/PSDT/2 $                                                               
     ENDDO                                                                                   
     MATPRN PSDT// $                                                                         
     PARAML UG//'TRAILER'/1/S,N,NFNS $                                                       
     PARAML OL2//'TRAILER'/1/S,N,NFREQ $                                                     
     NSUB = NFNS/NFREQ $                                                                     
     TABPT OL2// $                                                                           
     CALL CHCKINPT PSDT/PSD/NFREQ/NSUB $                                                     
     CALL FINT PSD,OL2/PSDINT/NFREQ/NSUB $                                                   
     DRMH1  ,,,OES1,/,,,,TSTRESS,MSTRESS,,/ $                                                
     CALL CALCRMS MSTRESS,PSDINT/STRSRMS $                                                   
     DRMH3  ,,,,,TSTRESS,STRSRMS,,,,/,,OES1NEW,/'STATICS' $                                  
     EQUIVX OES1NEW/OES1/-1 $                                                                
     OUTPUT4 STRSRMS//-1/11 $                                                                
     SORT2=FALSE $                                                                           
     APP1='FREQRESP' $                                                                       
     MESSAGE //'' $                                                                          
     MESSAGE //'RESPONSE OUTPUT ARE RMS RESULTS' $                                           
     MESSAGE //'' $                                                                          
1                                                                           JANUARY   3, 2025  SIMCENTER NASTRAN  9/ 1/21   PAGE     3
                                                                                                                                    
0        N A S T R A N    E X E C U T I V E    C O N T R O L    E C H O                                                             
0                                                                                                                                   
                                                                                                                                    
                                                                                                                                    
     COMPILE CHCKINP NOLIST,NOREF $                                                          
     (SEE NASTRAN SOURCE PROGRAM COMPILATION FOR LISTING OF DMAP SEQUENCE)
     END $                                                                                   
     COMPILE SUBDMAP=FINT,NOLIST,NOREF $                                                     
     (SEE NASTRAN SOURCE PROGRAM COMPILATION FOR LISTING OF DMAP SEQUENCE)
     END $                                                                                   
     COMPILE SUBDMAP=CALCRMS,NOLIST,NOREF $                                                  
     (SEE NASTRAN SOURCE PROGRAM COMPILATION FOR LISTING OF DMAP SEQUENCE)
     END $                                                                                   
     $END OF INCLUDE FILE ./save/sol111z.v69                                                 
     CEND                                                                                    
1                                                                           JANUARY   3, 2025  SIMCENTER NASTRAN  9/ 1/21   PAGE     4
                                                                                                                                    
0                                                                                                                                   
0        N A S T R A N   S O U R C E   P R O G R A M   C O M P I L A T I O N             SUBDMAP  =  SEDRCVR                        
     DMAP-DMAP INSTRUCTION                                                                                                          
      OLD NO.  NEW NO.   ( *I* = INSERTED,   *D* = DELETED )                                                                        
 *** USER WARNING MESSAGE 1 (XGPIDG)
     POSSIBLE ERROR IN DMAP INSTRUCTION MATMOD     INSTRUCTION NO. 114
     THE LAST   11 INPUT DATA BLOCK(S) ARE NOT SPECIFIED AND WILL BE ASSUMED TO BE PURGED.
 *** USER WARNING MESSAGE 1 (XGPIDG)
     POSSIBLE ERROR IN DMAP INSTRUCTION ADD5       INSTRUCTION NO. 115
     THE LAST    1 INPUT DATA BLOCK(S) ARE NOT SPECIFIED AND WILL BE ASSUMED TO BE PURGED.
1                                                                           JANUARY   3, 2025  SIMCENTER NASTRAN  9/ 1/21   PAGE     5
                                                                                                                                    
0                                                                                                                                   
0                                                                                                                                   
                                                                                                                                    
                                                                                                                                    
 *** USER FATAL MESSAGE 22 (XGPIDG)
     ERROR IN DMAP INSTRUCTION ADD        INSTRUCTION NO. 117
     DATA BLOCK NAMED PJ1RR MUST BE DEFINED PRIOR TO THIS INSTRUCTION
 *** USER FATAL MESSAGE 22 (XGPIDG)
     ERROR IN DMAP INSTRUCTION PARTN      INSTRUCTION NO. 121
     DATA BLOCK NAMED PJ1R MUST BE DEFINED PRIOR TO THIS INSTRUCTION
 *** SYSTEM INFORMATION MESSAGE 781 (CGPIB)
     SUBDMAP SEDRCVR  HAS GENERATED ONE OR MORE FATAL ERROR(S) (SEE ABOVE MESSAGES)--NOGO =        2
1                                                                           JANUARY   3, 2025  SIMCENTER NASTRAN  9/ 1/21   PAGE     6
                                                                                                                                    
0                                                                                                                                   
0        N A S T R A N   S O U R C E   P R O G R A M   C O M P I L A T I O N             SUBDMAP  =  CHCKINP                        
     DMAP-DMAP INSTRUCTION                                                                                                          
      NO.                                                                                                                           
 *** USER FATAL MESSAGE 73 (XGPIDG)
     THE PARAMETER NAMED NREQ IS UNDEFINED
 *** USER WARNING MESSAGE 1 (XGPIDG)
     POSSIBLE ERROR IN DMAP INSTRUCTION MATMOD     INSTRUCTION NO.  29
     THE LAST   11 INPUT DATA BLOCK(S) ARE NOT SPECIFIED AND WILL BE ASSUMED TO BE PURGED.
 *** USER FATAL MESSAGE 10 (XGPIDG)
     ERROR IN DMAP INSTRUCTION MERGE      INSTRUCTION NO.  30
     ILLEGAL INPUT DATA BLOCK SPECIFICATION.
 *** SYSTEM INFORMATION MESSAGE 781 (CGPIB)
     SUBDMAP CHCKINP  HAS GENERATED ONE OR MORE FATAL ERROR(S) (SEE ABOVE MESSAGES)--NOGO =        2
1                                                                           JANUARY   3, 2025  SIMCENTER NASTRAN  9/ 1/21   PAGE     7
                                                                                                                                    
0                                                                                                                                   
0        N A S T R A N   S O U R C E   P R O G R A M   C O M P I L A T I O N             SUBDMAP  =  FINT                           
     DMAP-DMAP INSTRUCTION                                                                                                          
      NO.                                                                                                                           
 *** USER FATAL MESSAGE 13 (XGPIDG)
     ERROR IN DMAP INSTRUCTION TABLE      INSTRUCTION NO.   2
     DMAP INSTRUCTION NOT IN MODULE LIBRARY.
 *** USER WARNING MESSAGE 216 (PRER2V)
     VARIABLE NAME EXCEEDS 8 CHARACTERS AT POSITION 15  OF  SUBDMAP   STATEMENT .
     VARIABLE NAME IS TRUNCATED TO  NSUBMATG.
     RESULTANT PROCESSING MAY BE INCORRECT OR AMBIGUOUS.
     *** COMPILATION DIAGNOSTIC INFORMATION ***
        1. STATEMENT TYPE: SUBDMAP STATEMENT
        2. SUBDMAP STATEMENT SUBTYPE: NFNS    
        3. DMAP SEQUENCE NUMBER:            7
        4. STATEMENT: 
            NFNS = NFREQ*NSUBMATGEN ,/ONEX/4/3/NFNS/0/1/NFNS/1/NFREQ/3
 *** USER FATAL MESSAGE 213 (PRER2O)
     BINARY OPERATOR   PRECEDED BY  OPERATOR  AT POSITION  27  OF  SUBDMAP   STATEMENT
     *** COMPILATION DIAGNOSTIC INFORMATION ***
        1. SAME AS PREVIOUS COMPILATION DIAGNOSTIC
 *** SYSTEM INFORMATION MESSAGE 781 (CGPIB)
     SUBDMAP FINT     HAS GENERATED ONE OR MORE FATAL ERROR(S) (SEE ABOVE MESSAGES)--NOGO =        2
1                                                                           JANUARY   3, 2025  SIMCENTER NASTRAN  9/ 1/21   PAGE     8
                                                                                                                                    
0                                                                                                                                   
0        N A S T R A N   S O U R C E   P R O G R A M   C O M P I L A T I O N             SUBDMAP  =  CALCRMS                        
     DMAP-DMAP INSTRUCTION                                                                                                          
      NO.                                                                                                                           
 *** USER WARNING MESSAGE 1 (XGPIDG)
     POSSIBLE ERROR IN DMAP INSTRUCTION MATMOD     INSTRUCTION NO.   2
     THE LAST   11 INPUT DATA BLOCK(S) ARE NOT SPECIFIED AND WILL BE ASSUMED TO BE PURGED.
1                                                                           JANUARY   3, 2025  SIMCENTER NASTRAN  9/ 1/21   PAGE     9
                                                                                                                                    
0                                                                                                                                   
0                                                                                                                                   
                                                                                                                                    
                                                                                                                                    
 *** SYSTEM INFORMATION MESSAGE 480 (XSEMIN)
     JOB TERMINATED DUE TO ABOVE ERRORS IN THE DMAP COMPILER (XGPI)
0FATAL ERROR
1                                        * * * END OF JOB * * *
 
 
