EJ: 200000
 n: 1
m0: 500000
 L: 2
dx: 0.01
Frequency, Hz: 0.5630052147462392
Mode shape:
0   -28.82160643440605
0.01   -28.15190284899766
0.02   -27.48220447089432
0.03   -26.81252456310606
0.04   -26.142884986222313
0.05   -25.473315988909288
0.060000000000000005   -24.80385599842038
0.07   -24.13455141112909
0.08   -23.46545638309648
0.09   -22.796632620687653
0.09999999999999999   -22.128149171254123
0.10999999999999999   -21.460082213901536
0.11999999999999998   -20.79251485036417
0.12999999999999998   -20.12553689601003
0.13999999999999999   -19.45924467100271
0.15   -18.793740791647906
0.16   -18.129133961954807
0.17   -17.465538765444414
0.18000000000000002   -16.803075457238826
0.19000000000000003   -16.14186975646725
0.20000000000000004   -15.482052639026504
0.21000000000000005   -14.823760130735096
0.22000000000000006   -14.16713310092206
0.23000000000000007   -13.512317056492991
0.24000000000000007   -12.85946193651731
0.25000000000000006   -12.20872190738238
0.26000000000000006   -11.560255158561244
0.2700000000000001   -10.914223699042296
0.2800000000000001   -10.270793154470297
0.2900000000000001   -9.630132565049465
0.3000000000000001   -8.992414184260422
0.3100000000000001   -8.35781327844385
0.3200000000000001   -7.726507927304738
0.3300000000000001   -7.098678825392071
0.34000000000000014   -6.474509084609661
0.35000000000000014   -5.854184037814555
0.36000000000000015   -5.237891043560449
0.37000000000000016   -4.625819292043911
0.38000000000000017   -4.018159612312118
0.3900000000000002   -3.4151042807912937
0.4000000000000002   -2.8168468311954307
0.4100000000000002   -2.223581865875591
0.4200000000000002   -1.6355048686701785
0.4300000000000002   -1.0528120193171198
0.4400000000000002   -0.47570000948915947
0.45000000000000023   0.09563413948653832
0.46000000000000024   0.6609932571627724
0.47000000000000025   1.2201802026991047
0.48000000000000026   1.7729980417195499
0.49000000000000027   2.319250221239212
0.5000000000000002   2.85874074259851
0.5100000000000002   3.3912743323434213
0.5200000000000002   3.916656610990337
0.5300000000000002   4.434694259614691
0.5400000000000003   4.9451951842023405
0.5500000000000003   5.44796867770323
0.5600000000000003   5.942825579727497
0.5700000000000003   6.429578433824055
0.5800000000000003   6.908041642282697
0.5900000000000003   7.378031618400932
0.6000000000000003   7.839366936157738
0.6100000000000003   8.291868477236427
0.6200000000000003   8.735359575340311
0.6300000000000003   9.169666157744807
0.6400000000000003   9.594616884030764
0.6500000000000004   10.010043281944824
0.6600000000000004   10.415779880332892
0.6700000000000004   10.811664339094193
0.6800000000000004   11.197537576104104
0.6900000000000004   11.573243891055029
0.7000000000000004   11.93863108616545
0.7100000000000004   12.293550583708708
0.7200000000000004   12.637857540313462
0.7300000000000004   12.971410957989768
0.7400000000000004   13.294073791835366
0.7500000000000004   13.605713054377816
0.7600000000000005   13.90619991651004
0.7700000000000005   14.195409804977324
0.7800000000000005   14.473222496375584
0.7900000000000005   14.739522207622066
0.8000000000000005   14.99419768286063
0.8100000000000005   15.237142276765674
0.8200000000000005   15.468254034209544
0.8300000000000005   15.687435766260556
0.8400000000000005   15.894595122479217
0.8500000000000005   16.089644659482616
0.8600000000000005   16.272501905747937
0.8700000000000006   16.443089422627743
0.8800000000000006   16.601334861551422
0.8900000000000006   16.74717101738814
0.9000000000000006   16.880535877949207
0.9100000000000006   17.001372669608465
0.9200000000000006   17.1096298990213
0.9300000000000006   17.20526139092491
0.9400000000000006   17.28822632200319
0.9500000000000006   17.358489250801995
0.9600000000000006   17.416020143682488
0.9700000000000006   17.46079439680036
0.9800000000000006   17.492792854102902
0.9900000000000007   17.51200182133516
1.0000000000000007   17.51841307604961
1.0100000000000007   17.512023873615206
1.0200000000000007   17.492836949222863
1.0300000000000007   17.46086051588685
1.0400000000000007   17.416108258442648
1.0500000000000007   17.358599323544254
1.0600000000000007   17.288358305664644
1.0700000000000007   17.205415229106038
1.0800000000000007   17.109805526027017
1.0900000000000007   17.001570010496337
1.1000000000000008   16.880754848584388
1.1100000000000008   16.747411524505054
1.1200000000000008   16.60159680282233
1.1300000000000008   16.44337268673796
1.1400000000000008   16.272806372477746
1.1500000000000008   16.08997019979593
1.1600000000000008   15.894941598618715
1.1700000000000008   15.68780303184964
1.1800000000000008   15.468641934360676
1.1900000000000008   15.237550648195239
1.2000000000000008   14.994626354010308
1.2100000000000009   14.739970998786589
1.2200000000000009   14.473691219836851
1.2300000000000009   14.195898265144692
1.2400000000000009   13.906707910066956
1.2500000000000009   13.606240370434804
1.260000000000001   13.294620212088773
1.270000000000001   12.971976256886705
1.280000000000001   12.638441485222842
1.290000000000001   12.29415293509797
1.300000000000001   11.93925159778334
1.310000000000001   11.573882310119984
1.320000000000001   11.198193643498286
1.330000000000001   10.812337789563287
1.340000000000001   10.416470442691349
1.350000000000001   10.010750679286446
1.360000000000001   9.595340833944846
1.370000000000001   9.170406372537258
1.380000000000001   8.736115762260255
1.390000000000001   8.292640338707741
1.400000000000001   7.840154170015609
1.410000000000001   7.378833918133239
1.420000000000001   6.908858697276287
1.430000000000001   6.430409929615848
1.440000000000001   5.943671198259921
1.450000000000001   5.448828097584396
1.460000000000001   4.946068080970548
1.470000000000001   4.435580306007381
1.480000000000001   3.917555477216922
1.490000000000001   3.3921856863627795
1.500000000000001   2.859664250399902
1.5100000000000011   2.3201855471274087
1.5200000000000011   1.7739448486038611
1.5300000000000011   1.2211381523858904
1.5400000000000011   0.6619620106516777
1.5500000000000012   0.09661335726997322
1.5600000000000012   -0.474710667122622
1.5700000000000012   -1.0518128919768515
1.5800000000000012   -1.634496295553788
1.5900000000000012   -2.2225641854561218
1.6000000000000012   -2.815820380906416
1.6100000000000012   -3.4140693967077027
1.6200000000000012   -4.017116628830081
1.6300000000000012   -4.624768541556193
1.6400000000000012   -5.236832856130718
1.6500000000000012   -5.853118740848402
1.6600000000000013   -6.473437002523667
1.6700000000000013   -7.097600279280584
1.6800000000000013   -7.725423234604591
1.6900000000000013   -8.356722752596568
1.7000000000000013   -8.99131813437333
1.7100000000000013   -9.629031295554284
1.7200000000000013   -10.269686964780533
1.7300000000000013   -10.913112883208498
1.7400000000000013   -11.559140004924927
1.7500000000000013   -12.207602698228698
1.7600000000000013   -12.85833894772611
1.7700000000000014   -13.511190557188684
1.7800000000000014   -14.166003353122619
1.7900000000000014   -14.822627388998967
1.8000000000000014   -15.480917150099799
1.8100000000000014   -16.140731758929405
1.8200000000000014   -16.801935181146916
1.8300000000000014   -17.464396431977434
1.8400000000000014   -18.12798978305682
1.8500000000000014   -18.7925949696712
1.8600000000000014   -19.458097398349082
1.8700000000000014   -20.124388354773032
1.8800000000000014   -20.791365211969605
1.8900000000000015   -21.458931638748595
1.9000000000000015   -22.126997808355554
1.9100000000000015   -22.795480607309514
1.9200000000000015   -23.46430384439907
1.9300000000000015   -24.13339845980522
1.9400000000000015   -24.8027027343353
1.9500000000000015   -25.472162498740204
1.9600000000000015   -26.141731343097717
1.9700000000000015   -26.811370826244115
1.9800000000000015   -27.481050685243076
1.9900000000000015   -28.150749044873123
