
Moment:   -74040.00
    Qx:        0.00
    Qy:     2759.50

    xc:      -39.50
    yc:       56.00

Bolts Margins Of Safety Table
     tau,ksi        x,in        y,in         MSy         MSu
        6.58    -45.0000     58.5000        0.90        1.66
        6.60    -45.0000     56.0000        0.89        1.65
        7.80    -45.0000     53.5000        0.60        1.24
        6.58    -34.0000     58.5000        0.90        1.66
        6.60    -34.0000     56.0000        0.89        1.65
        7.80    -34.0000     53.5000        0.60        1.24

Bearing Margins Of Safety Table
     tau,ksi        x,in        y,in         MSy         MSu
       14.69    -45.0000     58.5000       -0.15        0.19
       14.73    -45.0000     56.0000       -0.15        0.19
       17.41    -45.0000     53.5000       -0.28        0.01
       14.69    -34.0000     58.5000       -0.15        0.19
       14.73    -34.0000     56.0000       -0.15        0.19
       17.41    -34.0000     53.5000       -0.28        0.01

